uikit-samples/build/intermediates/manifest_merge_blame_file/debug/manifest-merger-blame-debug-report.txt
1<?xml version="1.0" encoding="utf-8"?>
2<manifest xmlns:android="http://schemas.android.com/apk/res/android"
3    package="com.sendbird.uikit.samples"
4    android:versionCode="1"
5    android:versionName="3.12.0" >
6
7    <uses-sdk
8        android:minSdkVersion="24"
9        android:targetSdkVersion="33" />
10
11    <uses-permission
11-->src\main\AndroidManifest.xml:5:5-7:38
12        android:name="android.permission.VIBRATE"
12-->src\main\AndroidManifest.xml:6:9-50
13        android:maxSdkVersion="18" />
13-->src\main\AndroidManifest.xml:7:9-35
14    <uses-permission android:name="android.permission.POST_NOTIFICATIONS" />
14-->src\main\AndroidManifest.xml:8:5-76
14-->src\main\AndroidManifest.xml:8:22-74
15
16    <!-- Required to maintain app compatibility. -->
17    <uses-permission
17-->[com.sendbird.sdk:uikit:3.12.0] AndroidManifest.xml:9:5-11:38
18        android:name="android.permission.READ_EXTERNAL_STORAGE"
18-->[com.sendbird.sdk:uikit:3.12.0] AndroidManifest.xml:10:9-64
19        android:maxSdkVersion="32" />
19-->[com.sendbird.sdk:uikit:3.12.0] AndroidManifest.xml:11:9-35
20    <uses-permission
20-->[com.sendbird.sdk:uikit:3.12.0] AndroidManifest.xml:12:5-15:40
21        android:name="android.permission.WRITE_EXTERNAL_STORAGE"
21-->[com.sendbird.sdk:uikit:3.12.0] AndroidManifest.xml:13:9-65
22        android:maxSdkVersion="28" />
22-->[com.sendbird.sdk:uikit:3.12.0] AndroidManifest.xml:14:9-35
23    <uses-permission android:name="android.permission.CAMERA" />
23-->[com.sendbird.sdk:uikit:3.12.0] AndroidManifest.xml:16:5-65
23-->[com.sendbird.sdk:uikit:3.12.0] AndroidManifest.xml:16:22-62
24    <uses-permission android:name="android.permission.INTERNET" />
24-->[com.sendbird.sdk:uikit:3.12.0] AndroidManifest.xml:17:5-67
24-->[com.sendbird.sdk:uikit:3.12.0] AndroidManifest.xml:17:22-64
25    <uses-permission android:name="android.permission.RECORD_AUDIO" />
25-->[com.sendbird.sdk:uikit:3.12.0] AndroidManifest.xml:18:5-71
25-->[com.sendbird.sdk:uikit:3.12.0] AndroidManifest.xml:18:22-68
26
27    <queries>
27-->[com.sendbird.sdk:uikit:3.12.0] AndroidManifest.xml:20:5-39:15
28
29        <!-- Browser -->
30        <intent>
30-->[com.sendbird.sdk:uikit:3.12.0] AndroidManifest.xml:23:9-27:18
31            <action android:name="android.intent.action.VIEW" />
31-->[com.sendbird.sdk:uikit:3.12.0] AndroidManifest.xml:24:13-65
31-->[com.sendbird.sdk:uikit:3.12.0] AndroidManifest.xml:24:21-62
32
33            <data android:scheme="http" />
33-->[com.sendbird.sdk:uikit:3.12.0] AndroidManifest.xml:26:13-43
33-->[com.sendbird.sdk:uikit:3.12.0] AndroidManifest.xml:26:19-40
34        </intent>
35        <!-- Camera -->
36        <intent>
36-->[com.sendbird.sdk:uikit:3.12.0] AndroidManifest.xml:29:9-31:18
37            <action android:name="android.media.action.IMAGE_CAPTURE" />
37-->[com.sendbird.sdk:uikit:3.12.0] AndroidManifest.xml:30:13-73
37-->[com.sendbird.sdk:uikit:3.12.0] AndroidManifest.xml:30:21-70
38        </intent>
39        <!-- Gallery -->
40        <intent>
40-->[com.sendbird.sdk:uikit:3.12.0] AndroidManifest.xml:33:9-35:18
41            <action android:name="android.intent.action.GET_CONTENT" />
41-->[com.sendbird.sdk:uikit:3.12.0] AndroidManifest.xml:34:13-72
41-->[com.sendbird.sdk:uikit:3.12.0] AndroidManifest.xml:34:21-69
42        </intent>
43        <intent>
43-->[com.sendbird.sdk:uikit:3.12.0] AndroidManifest.xml:36:9-38:18
44            <action android:name="android.intent.action.CHOOSER" />
44-->[com.sendbird.sdk:uikit:3.12.0] AndroidManifest.xml:37:13-68
44-->[com.sendbird.sdk:uikit:3.12.0] AndroidManifest.xml:37:21-65
45        </intent>
46    </queries> <!-- Don't require camera, as this requires a rear camera. This allows it to work on the Nexus 7 -->
47    <uses-feature
47-->[com.journeyapps:zxing-android-embedded:4.2.0] AndroidManifest.xml:25:5-27:36
48        android:name="android.hardware.camera"
48-->[com.journeyapps:zxing-android-embedded:4.2.0] AndroidManifest.xml:26:9-47
49        android:required="false" />
49-->[com.journeyapps:zxing-android-embedded:4.2.0] AndroidManifest.xml:27:9-33
50    <uses-feature
50-->[com.journeyapps:zxing-android-embedded:4.2.0] AndroidManifest.xml:28:5-30:36
51        android:name="android.hardware.camera.front"
51-->[com.journeyapps:zxing-android-embedded:4.2.0] AndroidManifest.xml:29:9-53
52        android:required="false" /> <!-- TODO replace above two with next line after Android 4.2 -->
52-->[com.journeyapps:zxing-android-embedded:4.2.0] AndroidManifest.xml:30:9-33
53    <!-- <uses-feature android:name="android.hardware.camera.any"/> -->
54    <uses-feature
54-->[com.journeyapps:zxing-android-embedded:4.2.0] AndroidManifest.xml:33:5-35:36
55        android:name="android.hardware.camera.autofocus"
55-->[com.journeyapps:zxing-android-embedded:4.2.0] AndroidManifest.xml:34:9-57
56        android:required="false" />
56-->[com.journeyapps:zxing-android-embedded:4.2.0] AndroidManifest.xml:35:9-33
57    <uses-feature
57-->[com.journeyapps:zxing-android-embedded:4.2.0] AndroidManifest.xml:36:5-38:36
58        android:name="android.hardware.camera.flash"
58-->[com.journeyapps:zxing-android-embedded:4.2.0] AndroidManifest.xml:37:9-53
59        android:required="false" />
59-->[com.journeyapps:zxing-android-embedded:4.2.0] AndroidManifest.xml:38:9-33
60    <uses-feature
60-->[com.journeyapps:zxing-android-embedded:4.2.0] AndroidManifest.xml:39:5-41:36
61        android:name="android.hardware.screen.landscape"
61-->[com.journeyapps:zxing-android-embedded:4.2.0] AndroidManifest.xml:40:9-57
62        android:required="false" />
62-->[com.journeyapps:zxing-android-embedded:4.2.0] AndroidManifest.xml:41:9-33
63    <uses-feature
63-->[com.journeyapps:zxing-android-embedded:4.2.0] AndroidManifest.xml:42:5-44:36
64        android:name="android.hardware.wifi"
64-->[com.journeyapps:zxing-android-embedded:4.2.0] AndroidManifest.xml:43:9-45
65        android:required="false" />
65-->[com.journeyapps:zxing-android-embedded:4.2.0] AndroidManifest.xml:44:9-33
66
67    <uses-permission android:name="android.permission.ACCESS_NETWORK_STATE" />
67-->[com.google.firebase:firebase-messaging:23.2.1] AndroidManifest.xml:22:5-79
67-->[com.google.firebase:firebase-messaging:23.2.1] AndroidManifest.xml:22:22-76
68    <uses-permission android:name="android.permission.WAKE_LOCK" /> <!-- Required by older versions of Google Play services to create IID tokens -->
68-->[com.google.firebase:firebase-messaging:23.2.1] AndroidManifest.xml:24:5-68
68-->[com.google.firebase:firebase-messaging:23.2.1] AndroidManifest.xml:24:22-65
69    <uses-permission android:name="com.google.android.c2dm.permission.RECEIVE" />
69-->[com.google.firebase:firebase-messaging:23.2.1] AndroidManifest.xml:26:5-82
69-->[com.google.firebase:firebase-messaging:23.2.1] AndroidManifest.xml:26:22-79
70
71    <permission
71-->[androidx.core:core:1.9.0] AndroidManifest.xml:22:5-24:47
72        android:name="com.sendbird.uikit.samples.DYNAMIC_RECEIVER_NOT_EXPORTED_PERMISSION"
72-->[androidx.core:core:1.9.0] AndroidManifest.xml:23:9-81
73        android:protectionLevel="signature" />
73-->[androidx.core:core:1.9.0] AndroidManifest.xml:24:9-44
74
75    <uses-permission android:name="com.sendbird.uikit.samples.DYNAMIC_RECEIVER_NOT_EXPORTED_PERMISSION" />
75-->[androidx.core:core:1.9.0] AndroidManifest.xml:26:5-97
75-->[androidx.core:core:1.9.0] AndroidManifest.xml:26:22-94
76
77    <application
77-->src\main\AndroidManifest.xml:10:5-110:19
78        android:name="com.sendbird.uikit.samples.BaseApplication"
78-->src\main\AndroidManifest.xml:11:9-40
79        android:allowBackup="false"
79-->src\main\AndroidManifest.xml:12:9-36
80        android:appComponentFactory="androidx.core.app.CoreComponentFactory"
80-->[androidx.core:core:1.9.0] AndroidManifest.xml:28:18-86
81        android:debuggable="true"
82        android:extractNativeLibs="false"
83        android:icon="@drawable/logo_sendbird"
83-->src\main\AndroidManifest.xml:13:9-47
84        android:label="Ninti.AI"
84-->src\main\AndroidManifest.xml:14:9-33
85        android:resizeableActivity="false"
85-->src\main\AndroidManifest.xml:17:9-43
86        android:roundIcon="@drawable/logo_sendbird"
86-->src\main\AndroidManifest.xml:15:9-52
87        android:supportsRtl="false"
87-->src\main\AndroidManifest.xml:16:9-36
88        android:testOnly="true"
89        android:theme="@style/AppTheme" >
89-->src\main\AndroidManifest.xml:18:9-40
90        <activity
90-->src\main\AndroidManifest.xml:21:9-27:20
91            android:name="com.sendbird.uikit.samples.common.SplashActivity"
91-->src\main\AndroidManifest.xml:21:19-56
92            android:exported="true" >
92-->src\main\AndroidManifest.xml:22:13-36
93            <intent-filter>
93-->src\main\AndroidManifest.xml:23:13-26:29
94                <action android:name="android.intent.action.MAIN" />
94-->src\main\AndroidManifest.xml:24:17-69
94-->src\main\AndroidManifest.xml:24:25-66
95
96                <category android:name="android.intent.category.LAUNCHER" />
96-->src\main\AndroidManifest.xml:25:17-77
96-->src\main\AndroidManifest.xml:25:27-74
97            </intent-filter>
98        </activity>
99
100        <!-- common activities -->
101        <activity
101-->src\main\AndroidManifest.xml:30:9-32:47
102            android:name="com.sendbird.uikit.samples.common.SelectServiceActivity"
102-->src\main\AndroidManifest.xml:31:13-57
103            android:launchMode="singleTask" />
103-->src\main\AndroidManifest.xml:32:13-44
104        <activity
104-->src\main\AndroidManifest.xml:33:9-36:70
105            android:name="com.sendbird.uikit.samples.common.LoginActivity"
105-->src\main\AndroidManifest.xml:34:13-49
106            android:launchMode="singleTop"
106-->src\main\AndroidManifest.xml:35:13-43
107            android:windowSoftInputMode="adjustResize|stateHidden" />
107-->src\main\AndroidManifest.xml:36:13-67
108
109        <!-- Basic activities -->
110        <activity
110-->src\main\AndroidManifest.xml:39:9-42:47
111            android:name="com.sendbird.uikit.samples.basic.GroupChannelMainActivity"
111-->src\main\AndroidManifest.xml:40:13-59
112            android:configChanges="orientation|screenSize"
112-->src\main\AndroidManifest.xml:41:13-59
113            android:launchMode="singleTask" />
113-->src\main\AndroidManifest.xml:42:13-44
114        <activity
114-->src\main\AndroidManifest.xml:43:9-46:47
115            android:name="com.sendbird.uikit.samples.basic.openchannel.OpenChannelMainActivity"
115-->src\main\AndroidManifest.xml:44:13-70
116            android:configChanges="orientation|screenSize"
116-->src\main\AndroidManifest.xml:45:13-59
117            android:launchMode="singleTask" />
117-->src\main\AndroidManifest.xml:46:13-44
118        <activity
118-->src\main\AndroidManifest.xml:48:9-51:47
119            android:name="com.sendbird.uikit.samples.basic.openchannel.PatientRegistrationActivity"
119-->src\main\AndroidManifest.xml:49:13-74
120            android:configChanges="orientation|screenSize"
120-->src\main\AndroidManifest.xml:50:13-59
121            android:launchMode="singleTask" />
121-->src\main\AndroidManifest.xml:51:13-44
122        <activity
122-->src\main\AndroidManifest.xml:55:9-57:47
123            android:name="com.sendbird.uikit.samples.basic.BasicHomeActivity"
123-->src\main\AndroidManifest.xml:56:13-52
124            android:launchMode="singleTask" />
124-->src\main\AndroidManifest.xml:57:13-44
125        <activity
125-->src\main\AndroidManifest.xml:58:9-61:69
126            android:name="com.sendbird.uikit.samples.basic.openchannel.livestream.LiveStreamActivity"
126-->src\main\AndroidManifest.xml:59:13-76
127            android:launchMode="singleTop"
127-->src\main\AndroidManifest.xml:60:13-43
128            android:windowSoftInputMode="adjustResize|stateHidden" />
128-->src\main\AndroidManifest.xml:61:13-67
129        <activity android:name="com.sendbird.uikit.samples.basic.openchannel.PatientHome" >
129-->src\main\AndroidManifest.xml:63:9-65:20
129-->src\main\AndroidManifest.xml:63:19-64
130
131            <!-- Include any intent filters or other necessary configurations -->
132        </activity>
133        <activity android:name="com.sendbird.uikit.samples.basic.openchannel.livestream.PreoperationNoteActivity" >
133-->src\main\AndroidManifest.xml:67:9-69:20
133-->src\main\AndroidManifest.xml:67:19-88
134
135            <!-- Include any intent filters or other necessary configurations -->
136        </activity>
137        <activity android:name="com.sendbird.uikit.samples.basic.openchannel.livestream.operationnote" >
137-->src\main\AndroidManifest.xml:72:9-74:20
137-->src\main\AndroidManifest.xml:72:19-77
138
139            <!-- Include any intent filters or other necessary configurations -->
140        </activity>
141
142        <!-- ai chabot activities -->
143        <activity
143-->src\main\AndroidManifest.xml:79:9-82:47
144            android:name="com.sendbird.uikit.samples.aichatbot.AIChatBotHomeActivity"
144-->src\main\AndroidManifest.xml:80:13-60
145            android:configChanges="orientation|screenSize|keyboardHidden"
145-->src\main\AndroidManifest.xml:81:13-74
146            android:launchMode="singleTask" />
146-->src\main\AndroidManifest.xml:82:13-44
147
148        <!-- notification activities -->
149        <activity
149-->src\main\AndroidManifest.xml:85:9-88:46
150            android:name="com.sendbird.uikit.samples.notification.NotificationHomeActivity"
150-->src\main\AndroidManifest.xml:86:13-66
151            android:configChanges="orientation|screenSize|keyboardHidden"
151-->src\main\AndroidManifest.xml:87:13-74
152            android:launchMode="singleTask" />
152-->src\main\AndroidManifest.xml:88:13-44
153        <activity
153-->src\main\AndroidManifest.xml:89:9-92:47
154            android:name="com.sendbird.uikit.samples.notification.NotificationMainActivity"
154-->src\main\AndroidManifest.xml:90:13-66
155            android:configChanges="orientation|screenSize"
155-->src\main\AndroidManifest.xml:91:13-59
156            android:launchMode="singleTask" />
156-->src\main\AndroidManifest.xml:92:13-44
157        <activity
157-->src\main\AndroidManifest.xml:93:9-96:70
158            android:name="com.sendbird.uikit.samples.notification.NotificationLoginActivity"
158-->src\main\AndroidManifest.xml:94:13-67
159            android:launchMode="singleTop"
159-->src\main\AndroidManifest.xml:95:13-43
160            android:windowSoftInputMode="adjustResize|stateHidden" />
160-->src\main\AndroidManifest.xml:96:13-67
161
162        <!-- customization activities -->
163        <activity
163-->src\main\AndroidManifest.xml:99:9-102:47
164            android:name="com.sendbird.uikit.samples.customization.CustomizationHomeActivity"
164-->src\main\AndroidManifest.xml:100:13-68
165            android:configChanges="orientation|screenSize"
165-->src\main\AndroidManifest.xml:101:13-59
166            android:launchMode="singleTask" />
166-->src\main\AndroidManifest.xml:102:13-44
167
168        <meta-data
168-->src\main\AndroidManifest.xml:104:9-106:63
169            android:name="com.google.firebase.messaging.default_notification_icon"
169-->src\main\AndroidManifest.xml:105:13-83
170            android:resource="@drawable/icon_push_lollipop" />
170-->src\main\AndroidManifest.xml:106:13-60
171        <meta-data
171-->src\main\AndroidManifest.xml:107:9-109:53
172            android:name="com.google.firebase.messaging.default_notification_color"
172-->src\main\AndroidManifest.xml:108:13-84
173            android:resource="@color/primary_300" />
173-->src\main\AndroidManifest.xml:109:13-50
174
175        <activity
175-->[com.sendbird.sdk:uikit:3.12.0] AndroidManifest.xml:42:9-45:46
176            android:name="com.sendbird.uikit.activities.InviteUserActivity"
176-->[com.sendbird.sdk:uikit:3.12.0] AndroidManifest.xml:43:13-76
177            android:configChanges="orientation|screenSize|keyboardHidden"
177-->[com.sendbird.sdk:uikit:3.12.0] AndroidManifest.xml:44:13-74
178            android:launchMode="singleTop" />
178-->[com.sendbird.sdk:uikit:3.12.0] AndroidManifest.xml:45:13-43
179        <activity
179-->[com.sendbird.sdk:uikit:3.12.0] AndroidManifest.xml:46:9-49:46
180            android:name="com.sendbird.uikit.activities.MemberListActivity"
180-->[com.sendbird.sdk:uikit:3.12.0] AndroidManifest.xml:47:13-76
181            android:configChanges="orientation|screenSize|keyboardHidden"
181-->[com.sendbird.sdk:uikit:3.12.0] AndroidManifest.xml:48:13-74
182            android:launchMode="singleTop" />
182-->[com.sendbird.sdk:uikit:3.12.0] AndroidManifest.xml:49:13-43
183        <activity
183-->[com.sendbird.sdk:uikit:3.12.0] AndroidManifest.xml:50:9-53:46
184            android:name="com.sendbird.uikit.activities.ChannelSettingsActivity"
184-->[com.sendbird.sdk:uikit:3.12.0] AndroidManifest.xml:51:13-81
185            android:configChanges="orientation|screenSize|keyboardHidden"
185-->[com.sendbird.sdk:uikit:3.12.0] AndroidManifest.xml:52:13-74
186            android:launchMode="singleTop" />
186-->[com.sendbird.sdk:uikit:3.12.0] AndroidManifest.xml:53:13-43
187        <activity
187-->[com.sendbird.sdk:uikit:3.12.0] AndroidManifest.xml:54:9-57:46
188            android:name="com.sendbird.uikit.activities.ChannelListActivity"
188-->[com.sendbird.sdk:uikit:3.12.0] AndroidManifest.xml:55:13-77
189            android:configChanges="orientation|screenSize|keyboardHidden"
189-->[com.sendbird.sdk:uikit:3.12.0] AndroidManifest.xml:56:13-74
190            android:launchMode="singleTop" />
190-->[com.sendbird.sdk:uikit:3.12.0] AndroidManifest.xml:57:13-43
191        <activity
191-->[com.sendbird.sdk:uikit:3.12.0] AndroidManifest.xml:58:9-61:76
192            android:name="com.sendbird.uikit.activities.ChannelActivity"
192-->[com.sendbird.sdk:uikit:3.12.0] AndroidManifest.xml:59:13-73
193            android:configChanges="orientation|screenSize|keyboardHidden"
193-->[com.sendbird.sdk:uikit:3.12.0] AndroidManifest.xml:60:13-74
194            android:windowSoftInputMode="adjustResize|stateAlwaysHidden" />
194-->[com.sendbird.sdk:uikit:3.12.0] AndroidManifest.xml:61:13-73
195        <activity
195-->[com.sendbird.sdk:uikit:3.12.0] AndroidManifest.xml:62:9-65:46
196            android:name="com.sendbird.uikit.activities.CreateChannelActivity"
196-->[com.sendbird.sdk:uikit:3.12.0] AndroidManifest.xml:63:13-79
197            android:configChanges="orientation|screenSize|keyboardHidden"
197-->[com.sendbird.sdk:uikit:3.12.0] AndroidManifest.xml:64:13-74
198            android:launchMode="singleTop" />
198-->[com.sendbird.sdk:uikit:3.12.0] AndroidManifest.xml:65:13-43
199        <activity
199-->[com.sendbird.sdk:uikit:3.12.0] AndroidManifest.xml:66:9-69:46
200            android:name="com.sendbird.uikit.activities.PhotoViewActivity"
200-->[com.sendbird.sdk:uikit:3.12.0] AndroidManifest.xml:67:13-75
201            android:configChanges="orientation|screenSize|keyboardHidden"
201-->[com.sendbird.sdk:uikit:3.12.0] AndroidManifest.xml:68:13-74
202            android:launchMode="singleTop" />
202-->[com.sendbird.sdk:uikit:3.12.0] AndroidManifest.xml:69:13-43
203        <activity
203-->[com.sendbird.sdk:uikit:3.12.0] AndroidManifest.xml:70:9-73:46
204            android:name="com.sendbird.uikit.activities.ModerationActivity"
204-->[com.sendbird.sdk:uikit:3.12.0] AndroidManifest.xml:71:13-76
205            android:configChanges="orientation|screenSize|keyboardHidden"
205-->[com.sendbird.sdk:uikit:3.12.0] AndroidManifest.xml:72:13-74
206            android:launchMode="singleTop" />
206-->[com.sendbird.sdk:uikit:3.12.0] AndroidManifest.xml:73:13-43
207        <activity
207-->[com.sendbird.sdk:uikit:3.12.0] AndroidManifest.xml:74:9-77:46
208            android:name="com.sendbird.uikit.activities.RegisterOperatorActivity"
208-->[com.sendbird.sdk:uikit:3.12.0] AndroidManifest.xml:75:13-82
209            android:configChanges="orientation|screenSize|keyboardHidden"
209-->[com.sendbird.sdk:uikit:3.12.0] AndroidManifest.xml:76:13-74
210            android:launchMode="singleTop" />
210-->[com.sendbird.sdk:uikit:3.12.0] AndroidManifest.xml:77:13-43
211        <activity
211-->[com.sendbird.sdk:uikit:3.12.0] AndroidManifest.xml:78:9-81:46
212            android:name="com.sendbird.uikit.activities.OperatorListActivity"
212-->[com.sendbird.sdk:uikit:3.12.0] AndroidManifest.xml:79:13-78
213            android:configChanges="orientation|screenSize|keyboardHidden"
213-->[com.sendbird.sdk:uikit:3.12.0] AndroidManifest.xml:80:13-74
214            android:launchMode="singleTop" />
214-->[com.sendbird.sdk:uikit:3.12.0] AndroidManifest.xml:81:13-43
215        <activity
215-->[com.sendbird.sdk:uikit:3.12.0] AndroidManifest.xml:82:9-85:46
216            android:name="com.sendbird.uikit.activities.BannedUserListActivity"
216-->[com.sendbird.sdk:uikit:3.12.0] AndroidManifest.xml:83:13-80
217            android:configChanges="orientation|screenSize|keyboardHidden"
217-->[com.sendbird.sdk:uikit:3.12.0] AndroidManifest.xml:84:13-74
218            android:launchMode="singleTop" />
218-->[com.sendbird.sdk:uikit:3.12.0] AndroidManifest.xml:85:13-43
219        <activity
219-->[com.sendbird.sdk:uikit:3.12.0] AndroidManifest.xml:86:9-89:46
220            android:name="com.sendbird.uikit.activities.MutedMemberListActivity"
220-->[com.sendbird.sdk:uikit:3.12.0] AndroidManifest.xml:87:13-81
221            android:configChanges="orientation|screenSize|keyboardHidden"
221-->[com.sendbird.sdk:uikit:3.12.0] AndroidManifest.xml:88:13-74
222            android:launchMode="singleTop" />
222-->[com.sendbird.sdk:uikit:3.12.0] AndroidManifest.xml:89:13-43
223        <activity
223-->[com.sendbird.sdk:uikit:3.12.0] AndroidManifest.xml:90:9-93:46
224            android:name="com.sendbird.uikit.activities.OpenChannelSettingsActivity"
224-->[com.sendbird.sdk:uikit:3.12.0] AndroidManifest.xml:91:13-85
225            android:configChanges="orientation|screenSize|keyboardHidden"
225-->[com.sendbird.sdk:uikit:3.12.0] AndroidManifest.xml:92:13-74
226            android:launchMode="singleTop" />
226-->[com.sendbird.sdk:uikit:3.12.0] AndroidManifest.xml:93:13-43
227        <activity
227-->[com.sendbird.sdk:uikit:3.12.0] AndroidManifest.xml:94:9-97:46
228            android:name="com.sendbird.uikit.activities.ParticipantListActivity"
228-->[com.sendbird.sdk:uikit:3.12.0] AndroidManifest.xml:95:13-81
229            android:configChanges="orientation|screenSize|keyboardHidden"
229-->[com.sendbird.sdk:uikit:3.12.0] AndroidManifest.xml:96:13-74
230            android:launchMode="singleTop" />
230-->[com.sendbird.sdk:uikit:3.12.0] AndroidManifest.xml:97:13-43
231        <activity
231-->[com.sendbird.sdk:uikit:3.12.0] AndroidManifest.xml:98:9-102:60
232            android:name="com.sendbird.uikit.activities.MessageSearchActivity"
232-->[com.sendbird.sdk:uikit:3.12.0] AndroidManifest.xml:99:13-79
233            android:configChanges="orientation|screenSize"
233-->[com.sendbird.sdk:uikit:3.12.0] AndroidManifest.xml:100:13-59
234            android:launchMode="singleTop"
234-->[com.sendbird.sdk:uikit:3.12.0] AndroidManifest.xml:101:13-43
235            android:windowSoftInputMode="stateUnchanged" />
235-->[com.sendbird.sdk:uikit:3.12.0] AndroidManifest.xml:102:13-57
236        <activity
236-->[com.sendbird.sdk:uikit:3.12.0] AndroidManifest.xml:103:9-107:70
237            android:name="com.sendbird.uikit.activities.MessageThreadActivity"
237-->[com.sendbird.sdk:uikit:3.12.0] AndroidManifest.xml:104:13-79
238            android:configChanges="orientation|screenSize"
238-->[com.sendbird.sdk:uikit:3.12.0] AndroidManifest.xml:105:13-59
239            android:launchMode="singleTop"
239-->[com.sendbird.sdk:uikit:3.12.0] AndroidManifest.xml:106:13-43
240            android:windowSoftInputMode="adjustResize|stateHidden" />
240-->[com.sendbird.sdk:uikit:3.12.0] AndroidManifest.xml:107:13-67
241        <activity
241-->[com.sendbird.sdk:uikit:3.12.0] AndroidManifest.xml:108:9-111:46
242            android:name="com.sendbird.uikit.activities.ChannelPushSettingActivity"
242-->[com.sendbird.sdk:uikit:3.12.0] AndroidManifest.xml:109:13-84
243            android:configChanges="orientation|screenSize|keyboardHidden"
243-->[com.sendbird.sdk:uikit:3.12.0] AndroidManifest.xml:110:13-74
244            android:launchMode="singleTop" />
244-->[com.sendbird.sdk:uikit:3.12.0] AndroidManifest.xml:111:13-43
245        <activity
245-->[com.sendbird.sdk:uikit:3.12.0] AndroidManifest.xml:112:9-115:46
246            android:name="com.sendbird.uikit.activities.OpenChannelModerationActivity"
246-->[com.sendbird.sdk:uikit:3.12.0] AndroidManifest.xml:113:13-87
247            android:configChanges="orientation|screenSize|keyboardHidden"
247-->[com.sendbird.sdk:uikit:3.12.0] AndroidManifest.xml:114:13-74
248            android:launchMode="singleTop" />
248-->[com.sendbird.sdk:uikit:3.12.0] AndroidManifest.xml:115:13-43
249        <activity
249-->[com.sendbird.sdk:uikit:3.12.0] AndroidManifest.xml:116:9-119:46
250            android:name="com.sendbird.uikit.activities.OpenChannelRegisterOperatorActivity"
250-->[com.sendbird.sdk:uikit:3.12.0] AndroidManifest.xml:117:13-93
251            android:configChanges="orientation|screenSize|keyboardHidden"
251-->[com.sendbird.sdk:uikit:3.12.0] AndroidManifest.xml:118:13-74
252            android:launchMode="singleTop" />
252-->[com.sendbird.sdk:uikit:3.12.0] AndroidManifest.xml:119:13-43
253        <activity
253-->[com.sendbird.sdk:uikit:3.12.0] AndroidManifest.xml:120:9-123:46
254            android:name="com.sendbird.uikit.activities.OpenChannelOperatorListActivity"
254-->[com.sendbird.sdk:uikit:3.12.0] AndroidManifest.xml:121:13-89
255            android:configChanges="orientation|screenSize|keyboardHidden"
255-->[com.sendbird.sdk:uikit:3.12.0] AndroidManifest.xml:122:13-74
256            android:launchMode="singleTop" />
256-->[com.sendbird.sdk:uikit:3.12.0] AndroidManifest.xml:123:13-43
257        <activity
257-->[com.sendbird.sdk:uikit:3.12.0] AndroidManifest.xml:124:9-127:46
258            android:name="com.sendbird.uikit.activities.OpenChannelMutedParticipantListActivity"
258-->[com.sendbird.sdk:uikit:3.12.0] AndroidManifest.xml:125:13-97
259            android:configChanges="orientation|screenSize|keyboardHidden"
259-->[com.sendbird.sdk:uikit:3.12.0] AndroidManifest.xml:126:13-74
260            android:launchMode="singleTop" />
260-->[com.sendbird.sdk:uikit:3.12.0] AndroidManifest.xml:127:13-43
261        <activity
261-->[com.sendbird.sdk:uikit:3.12.0] AndroidManifest.xml:128:9-131:46
262            android:name="com.sendbird.uikit.activities.OpenChannelBannedUserListActivity"
262-->[com.sendbird.sdk:uikit:3.12.0] AndroidManifest.xml:129:13-91
263            android:configChanges="orientation|screenSize|keyboardHidden"
263-->[com.sendbird.sdk:uikit:3.12.0] AndroidManifest.xml:130:13-74
264            android:launchMode="singleTop" />
264-->[com.sendbird.sdk:uikit:3.12.0] AndroidManifest.xml:131:13-43
265        <activity
265-->[com.sendbird.sdk:uikit:3.12.0] AndroidManifest.xml:132:9-135:46
266            android:name="com.sendbird.uikit.activities.CreateOpenChannelActivity"
266-->[com.sendbird.sdk:uikit:3.12.0] AndroidManifest.xml:133:13-83
267            android:configChanges="orientation|screenSize|keyboardHidden"
267-->[com.sendbird.sdk:uikit:3.12.0] AndroidManifest.xml:134:13-74
268            android:launchMode="singleTop" />
268-->[com.sendbird.sdk:uikit:3.12.0] AndroidManifest.xml:135:13-43
269        <activity
269-->[com.sendbird.sdk:uikit:3.12.0] AndroidManifest.xml:136:9-139:46
270            android:name="com.sendbird.uikit.activities.OpenChannelListActivity"
270-->[com.sendbird.sdk:uikit:3.12.0] AndroidManifest.xml:137:13-81
271            android:configChanges="orientation|screenSize|keyboardHidden"
271-->[com.sendbird.sdk:uikit:3.12.0] AndroidManifest.xml:138:13-74
272            android:launchMode="singleTop" />
272-->[com.sendbird.sdk:uikit:3.12.0] AndroidManifest.xml:139:13-43
273        <activity
273-->[com.sendbird.sdk:uikit:3.12.0] AndroidManifest.xml:140:9-143:70
274            android:name="com.sendbird.uikit.activities.OpenChannelActivity"
274-->[com.sendbird.sdk:uikit:3.12.0] AndroidManifest.xml:141:13-77
275            android:configChanges="orientation|screenSize|keyboardHidden"
275-->[com.sendbird.sdk:uikit:3.12.0] AndroidManifest.xml:142:13-74
276            android:windowSoftInputMode="adjustResize|stateHidden" />
276-->[com.sendbird.sdk:uikit:3.12.0] AndroidManifest.xml:143:13-67
277        <activity
277-->[com.sendbird.sdk:uikit:3.12.0] AndroidManifest.xml:144:9-147:76
278            android:name="com.sendbird.uikit.activities.FeedNotificationChannelActivity"
278-->[com.sendbird.sdk:uikit:3.12.0] AndroidManifest.xml:145:13-89
279            android:configChanges="orientation|screenSize|keyboardHidden"
279-->[com.sendbird.sdk:uikit:3.12.0] AndroidManifest.xml:146:13-74
280            android:windowSoftInputMode="adjustResize|stateAlwaysHidden" />
280-->[com.sendbird.sdk:uikit:3.12.0] AndroidManifest.xml:147:13-73
281        <activity
281-->[com.sendbird.sdk:uikit:3.12.0] AndroidManifest.xml:148:9-151:76
282            android:name="com.sendbird.uikit.activities.ChatNotificationChannelActivity"
282-->[com.sendbird.sdk:uikit:3.12.0] AndroidManifest.xml:149:13-89
283            android:configChanges="orientation|screenSize|keyboardHidden"
283-->[com.sendbird.sdk:uikit:3.12.0] AndroidManifest.xml:150:13-74
284            android:windowSoftInputMode="adjustResize|stateAlwaysHidden" />
284-->[com.sendbird.sdk:uikit:3.12.0] AndroidManifest.xml:151:13-73
285
286        <provider
286-->[com.sendbird.sdk:uikit:3.12.0] AndroidManifest.xml:153:9-161:20
287            android:name="com.sendbird.uikit.model.SendbirdUIKitFileProvider"
287-->[com.sendbird.sdk:uikit:3.12.0] AndroidManifest.xml:154:13-78
288            android:authorities="com.sendbird.uikit.samples.sendbird.uikit.provider"
288-->[com.sendbird.sdk:uikit:3.12.0] AndroidManifest.xml:155:13-75